#
# There is insufficient memory for the Java Runtime Environment to continue.
# Native memory allocation (malloc) failed to allocate 32744 bytes for ChunkPool::allocate
# Possible reasons:
#   The system is out of physical RAM or swap space
#   In 32 bit mode, the process size limit was hit
# Possible solutions:
#   Reduce memory load on the system
#   Increase physical memory or swap space
#   Check if swap backing store is full
#   Use 64 bit Java on a 64 bit OS
#   Decrease Java heap size (-Xmx/-Xms)
#   Decrease number of Java threads
#   Decrease Java thread stack sizes (-Xss)
#   Set larger code cache with -XX:ReservedCodeCacheSize=
# This output file may be truncated or incomplete.
#
#  Out of Memory Error (allocation.cpp:273), pid=8072, tid=0x0000000000001564
#
# JRE version: Java(TM) SE Runtime Environment (8.0_92-b14) (build 1.8.0_92-b14)
# Java VM: Java HotSpot(TM) 64-Bit Server VM (25.92-b14 mixed mode windows-amd64 compressed oops)
# Failed to write core dump. Minidumps are not enabled by default on client versions of Windows
#

---------------  T H R E A D  ---------------

Current thread (0x00000000178c0000):  JavaThread "C2 CompilerThread1" daemon [_thread_in_native, id=5476, stack(0x00000000180a0000,0x00000000181a0000)]

Stack: [0x00000000180a0000,0x00000000181a0000]
[error occurred during error reporting (printing stack bounds), id 0xc0000005]

Native frames: (J=compiled Java code, j=interpreted, Vv=VM code, C=native code)


Current CompileTask:
C2:    172   13       4       java.lang.String::length (6 bytes)


---------------  P R O C E S S  ---------------

Java Threads: ( => current thread )
  0x0000000017943000 JavaThread "Service Thread" daemon [_thread_blocked, id=2876, stack(0x00000000183a0000,0x00000000184a0000)]
  0x00000000178cc800 JavaThread "C1 CompilerThread3" daemon [_thread_blocked, id=10620, stack(0x00000000182a0000,0x00000000183a0000)]
  0x00000000178c7800 JavaThread "C2 CompilerThread2" daemon [_thread_blocked, id=9464, stack(0x00000000181a0000,0x00000000182a0000)]
=>0x00000000178c0000 JavaThread "C2 CompilerThread1" daemon [_thread_in_native, id=5476, stack(0x00000000180a0000,0x00000000181a0000)]
  0x00000000178bd000 JavaThread "C2 CompilerThread0" daemon [_thread_blocked, id=808, stack(0x0000000017fa0000,0x00000000180a0000)]
  0x00000000178bb000 JavaThread "Attach Listener" daemon [_thread_blocked, id=9080, stack(0x0000000017ea0000,0x0000000017fa0000)]
  0x0000000017869000 JavaThread "Signal Dispatcher" daemon [_thread_blocked, id=12532, stack(0x0000000017da0000,0x0000000017ea0000)]
  0x0000000015962800 JavaThread "Finalizer" daemon [_thread_blocked, id=11268, stack(0x0000000017c30000,0x0000000017d30000)]
  0x0000000002e06000 JavaThread "Reference Handler" daemon [_thread_blocked, id=9060, stack(0x0000000017730000,0x0000000017830000)]
  0x0000000002bce000 JavaThread "main" [_thread_in_native, id=11044, stack(0x0000000002c10000,0x0000000002d10000)]

Other Threads:
  0x0000000015958800 VMThread [stack: 0x0000000017630000,0x0000000017730000] [id=6364]
  0x00000000179b9000 WatcherThread [stack: 0x00000000184a0000,0x00000000185a0000] [id=10320]

VM state:not at safepoint (normal execution)

VM Mutex/Monitor currently owned by a thread: None

Heap:
 PSYoungGen      total 38400K, used 1996K [0x00000000eab00000, 0x00000000ed580000, 0x0000000100000000)
  eden space 33280K, 6% used [0x00000000eab00000,0x00000000eacf3370,0x00000000ecb80000)
  from space 5120K, 0% used [0x00000000ed080000,0x00000000ed080000,0x00000000ed580000)
  to   space 5120K, 0% used [0x00000000ecb80000,0x00000000ecb80000,0x00000000ed080000)
 ParOldGen       total 87552K, used 0K [0x00000000c0000000, 0x00000000c5580000, 0x00000000eab00000)
  object space 87552K, 0% used [0x00000000c0000000,0x00000000c0000000,0x00000000c5580000)
 Metaspace       used 2510K, capacity 4480K, committed 4480K, reserved 1056768K
  class space    used 274K, capacity 384K, committed 384K, reserved 1048576K

Card table byte_map: [0x00000000121e0000,0x00000000123f0000] byte_map_base: 0x0000000011be0000

Marking Bits: (ParMarkBitMap*) 0x0000000065d464f0
 Begin Bits: [0x0000000012d50000, 0x0000000013d50000)
 End Bits:   [0x0000000013d50000, 0x0000000014d50000)

Polling page: 0x0000000002ba0000

CodeCache: size=245760Kb used=1094Kb max_used=1094Kb free=244665Kb
 bounds [0x0000000002e20000, 0x0000000003090000, 0x0000000011e20000]
 total_blobs=252 nmethods=22 adapters=144
 compilation: enabled

Compilation events (10 events):
Event: 0.166 Thread 0x00000000178cc800   10       3       java.lang.Math::min (11 bytes)
Event: 0.167 Thread 0x00000000178cc800 nmethod 10 0x0000000002f23950 code [0x0000000002f23aa0, 0x0000000002f23c30]
Event: 0.167 Thread 0x00000000178cc800    6       3       java.lang.CharacterDataLatin1::getProperties (11 bytes)
Event: 0.167 Thread 0x00000000178cc800 nmethod 6 0x0000000002f23590 code [0x0000000002f236e0, 0x0000000002f23870]
Event: 0.167 Thread 0x00000000178bd000   11       4       java.util.TreeMap::parentOf (13 bytes)
Event: 0.167 Thread 0x00000000178c7800   12       4       java.lang.String::charAt (29 bytes)
Event: 0.167 Thread 0x00000000178c0000   13       4       java.lang.String::length (6 bytes)
Event: 0.167 Thread 0x00000000178cc800   14       1       java.lang.Object::<init> (1 bytes)
Event: 0.167 Thread 0x00000000178cc800 nmethod 14 0x0000000002f232d0 code [0x0000000002f23420, 0x0000000002f23530]
Event: 0.167 Thread 0x00000000178cc800   15       3       java.lang.Character::toUpperCase (6 bytes)

GC Heap History (0 events):
No events

Deoptimization events (0 events):
No events

Internal exceptions (2 events):
Event: 0.062 Thread 0x0000000002bce000 Exception <a 'java/lang/NoSuchMethodError': Method sun.misc.Unsafe.defineClass(Ljava/lang/String;[BII)Ljava/lang/Class; name or signature does not match> (0x00000000eab07cc0) thrown at [D:\re\workspace\8-2-build-windows-amd64-cygwin\jdk8u92\6642\hotspot\sr0fˆÿ^‹¯?
Event: 0.062 Thread 0x0000000002bce000 Exception <a 'java/lang/NoSuchMethodError': Method sun.misc.Unsafe.prefetchRead(Ljava/lang/Object;J)V name or signature does not match> (0x00000000eab07fa8) thrown at [D:\re\workspace\8-2-build-windows-amd64-cygwin\jdk8u92\6642\hotspot\src\share\vm\prims\j

Events (10 events):
Event: 0.167 loading class java/util/HashMap$EntrySet
Event: 0.167 loading class java/util/HashMap$EntrySet done
Event: 0.167 loading class java/lang/ProcessEnvironment$CheckedEntrySet$1
Event: 0.167 loading class java/lang/ProcessEnvironment$CheckedEntrySet$1 done
Event: 0.167 loading class java/util/HashMap$EntryIterator
Event: 0.167 loading class java/util/HashMap$HashIterator
Event: 0.167 loading class java/util/HashMap$HashIterator done
Event: 0.167 loading class java/util/HashMap$EntryIterator done
Event: 0.167 loading class java/lang/ProcessEnvironment$CheckedEntry
Event: 0.167 loading class java/lang/ProcessEnvironment$CheckedEntry done


Dynamic libraries:
0x00007ff66b4c0000 - 0x00007ff66b4f7000 	D:\androidstudio\JDK\bin\java.exe
0x00007ffdf0f50000 - 0x00007ffdf1111000 	C:\WINDOWS\SYSTEM32\ntdll.dll
0x00007ffdef270000 - 0x00007ffdef31d000 	C:\WINDOWS\system32\KERNEL32.DLL
0x00007ffded810000 - 0x00007ffded9f8000 	C:\WINDOWS\system32\KERNELBASE.dll
0x00007ffdee350000 - 0x00007ffdee3f7000 	C:\WINDOWS\system32\ADVAPI32.dll
0x00007ffdef150000 - 0x00007ffdef1ed000 	C:\WINDOWS\system32\msvcrt.dll
0x00007ffdee4c0000 - 0x00007ffdee51b000 	C:\WINDOWS\system32\sechost.dll
0x00007ffdef620000 - 0x00007ffdef73c000 	C:\WINDOWS\system32\RPCRT4.dll
0x00007ffdeea00000 - 0x00007ffdeeb56000 	C:\WINDOWS\system32\USER32.dll
0x00007ffdee870000 - 0x00007ffdee9f6000 	C:\WINDOWS\system32\GDI32.dll
0x00007ffde7610000 - 0x00007ffde7884000 	C:\WINDOWS\WinSxS\amd64_microsoft.windows.common-controls_6595b64144ccf1df_6.0.10586.0_none_8c15ae12515e1c22\COMCTL32.dll
0x00007ffdee520000 - 0x00007ffdee79d000 	C:\WINDOWS\system32\combase.dll
0x00007ffdee050000 - 0x00007ffdee0ba000 	C:\WINDOWS\system32\bcryptPrimitives.dll
0x00007ffdee480000 - 0x00007ffdee4bb000 	C:\WINDOWS\system32\IMM32.DLL
0x00000000650d0000 - 0x00000000651a2000 	D:\androidstudio\JDK\jre\bin\msvcr100.dll
0x0000000065530000 - 0x0000000065dc6000 	D:\androidstudio\JDK\jre\bin\server\jvm.dll
0x00007ffdee470000 - 0x00007ffdee478000 	C:\WINDOWS\system32\PSAPI.DLL
0x00007ffdeaa00000 - 0x00007ffdeaa23000 	C:\WINDOWS\SYSTEM32\WINMM.dll
0x00007ffde7600000 - 0x00007ffde760a000 	C:\WINDOWS\SYSTEM32\VERSION.dll
0x00007ffdeab00000 - 0x00007ffdeab09000 	C:\WINDOWS\SYSTEM32\WSOCK32.dll
0x00007ffdea9d0000 - 0x00007ffdea9fc000 	C:\WINDOWS\SYSTEM32\WINMMBASE.dll
0x00007ffdee800000 - 0x00007ffdee86b000 	C:\WINDOWS\system32\WS2_32.dll
0x00007ffded620000 - 0x00007ffded663000 	C:\WINDOWS\system32\cfgmgr32.dll
0x0000000066200000 - 0x000000006620f000 	D:\androidstudio\JDK\jre\bin\verify.dll
0x0000000066160000 - 0x0000000066189000 	D:\androidstudio\JDK\jre\bin\java.dll
0x0000000066140000 - 0x0000000066156000 	D:\androidstudio\JDK\jre\bin\zip.dll
0x00007ffdef9f0000 - 0x00007ffdf0f4c000 	C:\WINDOWS\system32\SHELL32.dll
0x00007ffdeda00000 - 0x00007ffdee044000 	C:\WINDOWS\system32\windows.storage.dll
0x00007ffdee7a0000 - 0x00007ffdee7f2000 	C:\WINDOWS\system32\shlwapi.dll
0x00007ffded5f0000 - 0x00007ffded5ff000 	C:\WINDOWS\system32\kernel.appcore.dll
0x00007ffdee0c0000 - 0x00007ffdee175000 	C:\WINDOWS\system32\shcore.dll
0x00007ffded580000 - 0x00007ffded5cb000 	C:\WINDOWS\system32\powrprof.dll
0x00007ffded5d0000 - 0x00007ffded5e4000 	C:\WINDOWS\system32\profapi.dll

VM Arguments:
jvm_args: -Djava.awt.headless=true -Xmx1024M -Dfile.encoding=GBK -Duser.country=CN -Duser.language=zh -Duser.variant 
java_command: com.android.dx.command.Main --dex --num-threads=4 --output D:\app\SmartSwitch\app\build\intermediates\pre-dexed\debug\internal_impl-23.3.0_a84f1de1ef58506ae5c3128da584f08ff1c9c02e.jar D:\app\SmartSwitch\app\build\intermediates\exploded-aar\com.android.support\support-v4\23.3.0\jars\libs\internal_impl-23.3.0.jar
java_class_path (initial): D:\androidstudio\android\sdk\build-tools\23.0.3\lib\dx.jar
Launcher Type: SUN_STANDARD

Environment Variables:
JAVA_HOME=D:\androidstudio\JDK
CLASSPATH=.;D:\androidstudio\JDK\lib
USERNAME=Happy_yaonima
OS=Windows_NT
PROCESSOR_IDENTIFIER=Intel64 Family 6 Model 60 Stepping 3, GenuineIntel



---------------  S Y S T E M  ---------------

OS: Windows 10.0 , 64 bit Build 10586 (10.0.10586.0)

CPU:total 8 (4 cores per cpu, 2 threads per core) family 6 model 60 stepping 3, cmov, cx8, fxsr, mmx, sse, sse2, sse3, ssse3, sse4.1, sse4.2, popcnt, avx, avx2, aes, clmul, erms, lzcnt, ht, tsc, tscinvbit, bmi1, bmi2

Memory: 4k page, physical 8274832k(1443352k free), swap 8274832k(3076k free)

vm_info: Java HotSpot(TM) 64-Bit Server VM (25.92-b14) for windows-amd64 JRE (1.8.0_92-b14), built on Mar 31 2016 21:03:04 by "java_re" with MS VC++ 10.0 (VS2010)

time: Fri Jul 08 19:12:51 2016
elapsed time: 0 seconds (0d 0h 0m 0s)

