#
# There is insufficient memory for the Java Runtime Environment to continue.
# Native memory allocation (malloc) failed to allocate 1048576 bytes for AllocateHeap
# Possible reasons:
#   The system is out of physical RAM or swap space
#   In 32 bit mode, the process size limit was hit
# Possible solutions:
#   Reduce memory load on the system
#   Increase physical memory or swap space
#   Check if swap backing store is full
#   Use 64 bit Java on a 64 bit OS
#   Decrease Java heap size (-Xmx/-Xms)
#   Decrease number of Java threads
#   Decrease Java thread stack sizes (-Xss)
#   Set larger code cache with -XX:ReservedCodeCacheSize=
# This output file may be truncated or incomplete.
#
#  Out of Memory Error (memory/allocation.inline.hpp:61), pid=11780, tid=0x0000000000002f50
#
# JRE version:  (8.0_92-b14) (build )
# Java VM: Java HotSpot(TM) 64-Bit Server VM (25.92-b14 mixed mode windows-amd64 compressed oops)
# Failed to write core dump. Minidumps are not enabled by default on client versions of Windows
#

---------------  T H R E A D  ---------------

Current thread (0x00000000023fe000):  JavaThread "Unknown thread" [_thread_in_vm, id=12112, stack(0x00000000028e0000,0x00000000029e0000)]

Stack: [0x00000000028e0000,0x00000000029e0000]
[error occurred during error reporting (printing stack bounds), id 0xc0000005]

Native frames: (J=compiled Java code, j=interpreted, Vv=VM code, C=native code)


---------------  P R O C E S S  ---------------

Java Threads: ( => current thread )

Other Threads:

=>0x00000000023fe000 (exited) JavaThread "Unknown thread" [_thread_in_vm, id=12112, stack(0x00000000028e0000,0x00000000029e0000)]

VM state:not at safepoint (normal execution)

VM Mutex/Monitor currently owned by a thread: None

Heap:
 PSYoungGen      total 38400K, used 665K [0x00000000eab00000, 0x00000000ed580000, 0x0000000100000000)
  eden space 33280K, 2% used [0x00000000eab00000,0x00000000eaba6670,0x00000000ecb80000)
  from space 5120K, 0% used [0x00000000ed080000,0x00000000ed080000,0x00000000ed580000)
  to   space 5120K, 0% used [0x00000000ecb80000,0x00000000ecb80000,0x00000000ed080000)
 ParOldGen       total 87552K, used 0K [0x00000000c0000000, 0x00000000c5580000, 0x00000000eab00000)
  object space 87552K, 0% used [0x00000000c0000000,0x00000000c0000000,0x00000000c5580000)
 Metaspace       used 769K, capacity 4480K, committed 4480K, reserved 1056768K
  class space    used 75K, capacity 384K, committed 384K, reserved 1048576K

Card table byte_map: [0x0000000011ea0000,0x00000000120b0000] byte_map_base: 0x00000000118a0000

Marking Bits: (ParMarkBitMap*) 0x0000000065d464f0
 Begin Bits: [0x0000000012a10000, 0x0000000013a10000)
 End Bits:   [0x0000000013a10000, 0x0000000014a10000)

Polling page: 0x0000000002360000

CodeCache: size=245760Kb used=328Kb max_used=328Kb free=245431Kb
 bounds [0x0000000002ae0000, 0x0000000002d50000, 0x0000000011ae0000]
 total_blobs=58 nmethods=0 adapters=38
 compilation: enabled

Compilation events (0 events):
No events

GC Heap History (0 events):
No events

Deoptimization events (0 events):
No events

Internal exceptions (0 events):
No events

Events (10 events):
Event: 0.026 loading class java/lang/Short
Event: 0.026 loading class java/lang/Short done
Event: 0.026 loading class java/lang/Integer
Event: 0.026 loading class java/lang/Integer done
Event: 0.026 loading class java/lang/Long
Event: 0.026 loading class java/lang/Long done
Event: 0.026 loading class java/lang/NullPointerException
Event: 0.026 loading class java/lang/NullPointerException done
Event: 0.026 loading class java/lang/ArithmeticException
Event: 0.027 loading class java/lang/ArithmeticException done


Dynamic libraries:
0x00007ff66b4c0000 - 0x00007ff66b4f7000 	D:\androidstudio\JDK\bin\java.exe
0x00007ffdf0f50000 - 0x00007ffdf1111000 	C:\WINDOWS\SYSTEM32\ntdll.dll
0x00007ffdef270000 - 0x00007ffdef31d000 	C:\WINDOWS\system32\KERNEL32.DLL
0x00007ffded810000 - 0x00007ffded9f8000 	C:\WINDOWS\system32\KERNELBASE.dll
0x00007ffdee350000 - 0x00007ffdee3f7000 	C:\WINDOWS\system32\ADVAPI32.dll
0x00007ffdef150000 - 0x00007ffdef1ed000 	C:\WINDOWS\system32\msvcrt.dll
0x00007ffdee4c0000 - 0x00007ffdee51b000 	C:\WINDOWS\system32\sechost.dll
0x00007ffdef620000 - 0x00007ffdef73c000 	C:\WINDOWS\system32\RPCRT4.dll
0x00007ffdeea00000 - 0x00007ffdeeb56000 	C:\WINDOWS\system32\USER32.dll
0x00007ffdee870000 - 0x00007ffdee9f6000 	C:\WINDOWS\system32\GDI32.dll
0x00007ffde7610000 - 0x00007ffde7884000 	C:\WINDOWS\WinSxS\amd64_microsoft.windows.common-controls_6595b64144ccf1df_6.0.10586.0_none_8c15ae12515e1c22\COMCTL32.dll
0x00007ffdee520000 - 0x00007ffdee79d000 	C:\WINDOWS\system32\combase.dll
0x00007ffdee050000 - 0x00007ffdee0ba000 	C:\WINDOWS\system32\bcryptPrimitives.dll
0x00007ffdee480000 - 0x00007ffdee4bb000 	C:\WINDOWS\system32\IMM32.DLL
0x00000000650d0000 - 0x00000000651a2000 	D:\androidstudio\JDK\jre\bin\msvcr100.dll
0x0000000065530000 - 0x0000000065dc6000 	D:\androidstudio\JDK\jre\bin\server\jvm.dll
0x00007ffdee470000 - 0x00007ffdee478000 	C:\WINDOWS\system32\PSAPI.DLL
0x00007ffdeab00000 - 0x00007ffdeab09000 	C:\WINDOWS\SYSTEM32\WSOCK32.dll
0x00007ffdeaa00000 - 0x00007ffdeaa23000 	C:\WINDOWS\SYSTEM32\WINMM.dll
0x00007ffdee800000 - 0x00007ffdee86b000 	C:\WINDOWS\system32\WS2_32.dll
0x00007ffde7600000 - 0x00007ffde760a000 	C:\WINDOWS\SYSTEM32\VERSION.dll
0x00007ffdea9d0000 - 0x00007ffdea9fc000 	C:\WINDOWS\SYSTEM32\WINMMBASE.dll
0x00007ffded620000 - 0x00007ffded663000 	C:\WINDOWS\system32\cfgmgr32.dll
0x0000000066200000 - 0x000000006620f000 	D:\androidstudio\JDK\jre\bin\verify.dll
0x0000000066160000 - 0x0000000066189000 	D:\androidstudio\JDK\jre\bin\java.dll
0x0000000066140000 - 0x0000000066156000 	D:\androidstudio\JDK\jre\bin\zip.dll

VM Arguments:
jvm_args: -Djava.awt.headless=true -Xmx1024M -Dfile.encoding=GBK -Duser.country=CN -Duser.language=zh -Duser.variant 
java_command: com.android.dx.command.Main --dex --num-threads=4 --output D:\app\SmartSwitch\app\build\intermediates\pre-dexed\debug\com.android.support-support-v4-23.3.0_dcad737d6ce9bde7761bc7e9d7bf5311ff8093ed.jar D:\app\SmartSwitch\app\build\intermediates\exploded-aar\com.android.support\support-v4\23.3.0\jars\classes.jar
java_class_path (initial): D:\androidstudio\android\sdk\build-tools\23.0.3\lib\dx.jar
Launcher Type: SUN_STANDARD

Environment Variables:
JAVA_HOME=D:\androidstudio\JDK
CLASSPATH=.;D:\androidstudio\JDK\lib
USERNAME=Happy_yaonima
OS=Windows_NT
PROCESSOR_IDENTIFIER=Intel64 Family 6 Model 60 Stepping 3, GenuineIntel



---------------  S Y S T E M  ---------------

OS: Windows 10.0 , 64 bit Build 10586 (10.0.10586.0)

CPU:total 8 (4 cores per cpu, 2 threads per core) family 6 model 60 stepping 3, cmov, cx8, fxsr, mmx, sse, sse2, sse3, ssse3, sse4.1, sse4.2, popcnt, avx, avx2, aes, clmul, erms, lzcnt, ht, tsc, tscinvbit, bmi1, bmi2

Memory: 4k page, physical 8274832k(1445532k free), swap 8274832k(5600k free)

vm_info: Java HotSpot(TM) 64-Bit Server VM (25.92-b14) for windows-amd64 JRE (1.8.0_92-b14), built on Mar 31 2016 21:03:04 by "java_re" with MS VC++ 10.0 (VS2010)

time: Fri Jul 08 19:12:51 2016
elapsed time: 0 seconds (0d 0h 0m 0s)

